<?xml version="1.0" encoding="UTF-8"?>
<testng-results skipped="0" failed="0" total="1" passed="1">
  <reporter-output>
  </reporter-output>
  <suite name="Suite" duration-ms="36" started-at="2020-05-07T07:53:50Z" finished-at="2020-05-07T07:53:50Z">
    <groups>
    </groups>
    <test name="Test" duration-ms="36" started-at="2020-05-07T07:53:50Z" finished-at="2020-05-07T07:53:50Z">
      <class name="datatype.Variables_testing">
        <test-method status="PASS" signature="Jenkins()[pri:0, instance:datatype.Variables_testing@4b6995df]" name="Jenkins" duration-ms="12" started-at="2020-05-07T03:53:50Z" finished-at="2020-05-07T03:53:50Z">
          <reporter-output>
          </reporter-output>
        </test-method> <!-- Jenkins -->
      </class> <!-- datatype.Variables_testing -->
    </test> <!-- Test -->
  </suite> <!-- Suite -->
</testng-results>
